app/build/intermediates/manifest_merge_blame_file/release/processReleaseManifest/manifest-merger-blame-release-report.txt
1<?xml version="1.0" encoding="utf-8"?>
2<manifest xmlns:android="http://schemas.android.com/apk/res/android"
3    package="com.a3711activity" >
4
5    <uses-sdk android:minSdkVersion="21" />
6
7    <uses-permission android:name="android.permission.FOREGROUND_SERVICE_DATA_SYNC" />
7-->src/main/AndroidManifest.xml:3:5-4:74
7-->src/main/AndroidManifest.xml:4:9-71
8
9    <application
9-->src/main/AndroidManifest.xml:5:5-3723:15
10        android:allowBackup="true"
10-->src/main/AndroidManifest.xml:6:9-35
11        android:icon="@mipmap/ic_launcher"
11-->src/main/AndroidManifest.xml:7:9-43
12        android:label="@string/app_name"
12-->src/main/AndroidManifest.xml:8:9-41
13        android:roundIcon="@mipmap/ic_launcher_round"
13-->src/main/AndroidManifest.xml:9:9-54
14        android:supportsRtl="true"
14-->src/main/AndroidManifest.xml:10:9-35
15        android:theme="@style/Theme.Material3.DayNight.NoActionBar" >
15-->src/main/AndroidManifest.xml:11:9-68
16        <activity
16-->src/main/AndroidManifest.xml:12:1-88
17            android:name="com.a3711activity.ActivityA79fS2k_0"
17-->src/main/AndroidManifest.xml:12:11-61
18            android:exported="false" />
18-->src/main/AndroidManifest.xml:12:62-86
19        <activity
19-->src/main/AndroidManifest.xml:13:1-88
20            android:name="com.a3711activity.ActivityA79fS2k_1"
20-->src/main/AndroidManifest.xml:13:11-61
21            android:exported="false" />
21-->src/main/AndroidManifest.xml:13:62-86
22        <activity
22-->src/main/AndroidManifest.xml:14:1-88
23            android:name="com.a3711activity.ActivityA79fS2k_2"
23-->src/main/AndroidManifest.xml:14:11-61
24            android:exported="false" />
24-->src/main/AndroidManifest.xml:14:62-86
25        <activity
25-->src/main/AndroidManifest.xml:15:1-88
26            android:name="com.a3711activity.ActivityA79fS2k_3"
26-->src/main/AndroidManifest.xml:15:11-61
27            android:exported="false" />
27-->src/main/AndroidManifest.xml:15:62-86
28        <activity
28-->src/main/AndroidManifest.xml:16:1-88
29            android:name="com.a3711activity.ActivityA79fS2k_4"
29-->src/main/AndroidManifest.xml:16:11-61
30            android:exported="false" />
30-->src/main/AndroidManifest.xml:16:62-86
31        <activity
31-->src/main/AndroidManifest.xml:17:1-88
32            android:name="com.a3711activity.ActivityA79fS2k_5"
32-->src/main/AndroidManifest.xml:17:11-61
33            android:exported="false" />
33-->src/main/AndroidManifest.xml:17:62-86
34        <activity
34-->src/main/AndroidManifest.xml:18:1-88
35            android:name="com.a3711activity.ActivityA79fS2k_6"
35-->src/main/AndroidManifest.xml:18:11-61
36            android:exported="false" />
36-->src/main/AndroidManifest.xml:18:62-86
37        <activity
37-->src/main/AndroidManifest.xml:19:1-88
38            android:name="com.a3711activity.ActivityA79fS2k_7"
38-->src/main/AndroidManifest.xml:19:11-61
39            android:exported="false" />
39-->src/main/AndroidManifest.xml:19:62-86
40        <activity
40-->src/main/AndroidManifest.xml:20:1-88
41            android:name="com.a3711activity.ActivityA79fS2k_8"
41-->src/main/AndroidManifest.xml:20:11-61
42            android:exported="false" />
42-->src/main/AndroidManifest.xml:20:62-86
43        <activity
43-->src/main/AndroidManifest.xml:21:1-88
44            android:name="com.a3711activity.ActivityA79fS2k_9"
44-->src/main/AndroidManifest.xml:21:11-61
45            android:exported="false" />
45-->src/main/AndroidManifest.xml:21:62-86
46        <activity
46-->src/main/AndroidManifest.xml:22:1-89
47            android:name="com.a3711activity.ActivityA79fS2k_10"
47-->src/main/AndroidManifest.xml:22:11-62
48            android:exported="false" />
48-->src/main/AndroidManifest.xml:22:63-87
49        <activity
49-->src/main/AndroidManifest.xml:23:1-89
50            android:name="com.a3711activity.ActivityA79fS2k_11"
50-->src/main/AndroidManifest.xml:23:11-62
51            android:exported="false" />
51-->src/main/AndroidManifest.xml:23:63-87
52        <activity
52-->src/main/AndroidManifest.xml:24:1-89
53            android:name="com.a3711activity.ActivityA79fS2k_12"
53-->src/main/AndroidManifest.xml:24:11-62
54            android:exported="false" />
54-->src/main/AndroidManifest.xml:24:63-87
55        <activity
55-->src/main/AndroidManifest.xml:25:1-89
56            android:name="com.a3711activity.ActivityA79fS2k_13"
56-->src/main/AndroidManifest.xml:25:11-62
57            android:exported="false" />
57-->src/main/AndroidManifest.xml:25:63-87
58        <activity
58-->src/main/AndroidManifest.xml:26:1-89
59            android:name="com.a3711activity.ActivityA79fS2k_14"
59-->src/main/AndroidManifest.xml:26:11-62
60            android:exported="false" />
60-->src/main/AndroidManifest.xml:26:63-87
61        <activity
61-->src/main/AndroidManifest.xml:27:1-89
62            android:name="com.a3711activity.ActivityA79fS2k_15"
62-->src/main/AndroidManifest.xml:27:11-62
63            android:exported="false" />
63-->src/main/AndroidManifest.xml:27:63-87
64        <activity
64-->src/main/AndroidManifest.xml:28:1-89
65            android:name="com.a3711activity.ActivityA79fS2k_16"
65-->src/main/AndroidManifest.xml:28:11-62
66            android:exported="false" />
66-->src/main/AndroidManifest.xml:28:63-87
67        <activity
67-->src/main/AndroidManifest.xml:29:1-89
68            android:name="com.a3711activity.ActivityA79fS2k_17"
68-->src/main/AndroidManifest.xml:29:11-62
69            android:exported="false" />
69-->src/main/AndroidManifest.xml:29:63-87
70        <activity
70-->src/main/AndroidManifest.xml:30:1-89
71            android:name="com.a3711activity.ActivityA79fS2k_18"
71-->src/main/AndroidManifest.xml:30:11-62
72            android:exported="false" />
72-->src/main/AndroidManifest.xml:30:63-87
73        <activity
73-->src/main/AndroidManifest.xml:31:1-89
74            android:name="com.a3711activity.ActivityA79fS2k_19"
74-->src/main/AndroidManifest.xml:31:11-62
75            android:exported="false" />
75-->src/main/AndroidManifest.xml:31:63-87
76        <activity
76-->src/main/AndroidManifest.xml:32:1-89
77            android:name="com.a3711activity.ActivityA79fS2k_20"
77-->src/main/AndroidManifest.xml:32:11-62
78            android:exported="false" />
78-->src/main/AndroidManifest.xml:32:63-87
79        <activity
79-->src/main/AndroidManifest.xml:33:1-89
80            android:name="com.a3711activity.ActivityA79fS2k_21"
80-->src/main/AndroidManifest.xml:33:11-62
81            android:exported="false" />
81-->src/main/AndroidManifest.xml:33:63-87
82        <activity
82-->src/main/AndroidManifest.xml:34:1-89
83            android:name="com.a3711activity.ActivityA79fS2k_22"
83-->src/main/AndroidManifest.xml:34:11-62
84            android:exported="false" />
84-->src/main/AndroidManifest.xml:34:63-87
85        <activity
85-->src/main/AndroidManifest.xml:35:1-89
86            android:name="com.a3711activity.ActivityA79fS2k_23"
86-->src/main/AndroidManifest.xml:35:11-62
87            android:exported="false" />
87-->src/main/AndroidManifest.xml:35:63-87
88        <activity
88-->src/main/AndroidManifest.xml:36:1-89
89            android:name="com.a3711activity.ActivityA79fS2k_24"
89-->src/main/AndroidManifest.xml:36:11-62
90            android:exported="false" />
90-->src/main/AndroidManifest.xml:36:63-87
91        <activity
91-->src/main/AndroidManifest.xml:37:1-89
92            android:name="com.a3711activity.ActivityA79fS2k_25"
92-->src/main/AndroidManifest.xml:37:11-62
93            android:exported="false" />
93-->src/main/AndroidManifest.xml:37:63-87
94        <activity
94-->src/main/AndroidManifest.xml:38:1-89
95            android:name="com.a3711activity.ActivityA79fS2k_26"
95-->src/main/AndroidManifest.xml:38:11-62
96            android:exported="false" />
96-->src/main/AndroidManifest.xml:38:63-87
97        <activity
97-->src/main/AndroidManifest.xml:39:1-89
98            android:name="com.a3711activity.ActivityA79fS2k_27"
98-->src/main/AndroidManifest.xml:39:11-62
99            android:exported="false" />
99-->src/main/AndroidManifest.xml:39:63-87
100        <activity
100-->src/main/AndroidManifest.xml:40:1-89
101            android:name="com.a3711activity.ActivityA79fS2k_28"
101-->src/main/AndroidManifest.xml:40:11-62
102            android:exported="false" />
102-->src/main/AndroidManifest.xml:40:63-87
103        <activity
103-->src/main/AndroidManifest.xml:41:1-89
104            android:name="com.a3711activity.ActivityA79fS2k_29"
104-->src/main/AndroidManifest.xml:41:11-62
105            android:exported="false" />
105-->src/main/AndroidManifest.xml:41:63-87
106        <activity
106-->src/main/AndroidManifest.xml:42:1-89
107            android:name="com.a3711activity.ActivityA79fS2k_30"
107-->src/main/AndroidManifest.xml:42:11-62
108            android:exported="false" />
108-->src/main/AndroidManifest.xml:42:63-87
109        <activity
109-->src/main/AndroidManifest.xml:43:1-89
110            android:name="com.a3711activity.ActivityA79fS2k_31"
110-->src/main/AndroidManifest.xml:43:11-62
111            android:exported="false" />
111-->src/main/AndroidManifest.xml:43:63-87
112        <activity
112-->src/main/AndroidManifest.xml:44:1-89
113            android:name="com.a3711activity.ActivityA79fS2k_32"
113-->src/main/AndroidManifest.xml:44:11-62
114            android:exported="false" />
114-->src/main/AndroidManifest.xml:44:63-87
115        <activity
115-->src/main/AndroidManifest.xml:45:1-89
116            android:name="com.a3711activity.ActivityA79fS2k_33"
116-->src/main/AndroidManifest.xml:45:11-62
117            android:exported="false" />
117-->src/main/AndroidManifest.xml:45:63-87
118        <activity
118-->src/main/AndroidManifest.xml:46:1-89
119            android:name="com.a3711activity.ActivityA79fS2k_34"
119-->src/main/AndroidManifest.xml:46:11-62
120            android:exported="false" />
120-->src/main/AndroidManifest.xml:46:63-87
121        <activity
121-->src/main/AndroidManifest.xml:47:1-89
122            android:name="com.a3711activity.ActivityA79fS2k_35"
122-->src/main/AndroidManifest.xml:47:11-62
123            android:exported="false" />
123-->src/main/AndroidManifest.xml:47:63-87
124        <activity
124-->src/main/AndroidManifest.xml:48:1-89
125            android:name="com.a3711activity.ActivityA79fS2k_36"
125-->src/main/AndroidManifest.xml:48:11-62
126            android:exported="false" />
126-->src/main/AndroidManifest.xml:48:63-87
127        <activity
127-->src/main/AndroidManifest.xml:49:1-89
128            android:name="com.a3711activity.ActivityA79fS2k_37"
128-->src/main/AndroidManifest.xml:49:11-62
129            android:exported="false" />
129-->src/main/AndroidManifest.xml:49:63-87
130        <activity
130-->src/main/AndroidManifest.xml:50:1-89
131            android:name="com.a3711activity.ActivityA79fS2k_38"
131-->src/main/AndroidManifest.xml:50:11-62
132            android:exported="false" />
132-->src/main/AndroidManifest.xml:50:63-87
133        <activity
133-->src/main/AndroidManifest.xml:51:1-89
134            android:name="com.a3711activity.ActivityA79fS2k_39"
134-->src/main/AndroidManifest.xml:51:11-62
135            android:exported="false" />
135-->src/main/AndroidManifest.xml:51:63-87
136        <activity
136-->src/main/AndroidManifest.xml:52:1-89
137            android:name="com.a3711activity.ActivityA79fS2k_40"
137-->src/main/AndroidManifest.xml:52:11-62
138            android:exported="false" />
138-->src/main/AndroidManifest.xml:52:63-87
139        <activity
139-->src/main/AndroidManifest.xml:53:1-89
140            android:name="com.a3711activity.ActivityA79fS2k_41"
140-->src/main/AndroidManifest.xml:53:11-62
141            android:exported="false" />
141-->src/main/AndroidManifest.xml:53:63-87
142        <activity
142-->src/main/AndroidManifest.xml:54:1-89
143            android:name="com.a3711activity.ActivityA79fS2k_42"
143-->src/main/AndroidManifest.xml:54:11-62
144            android:exported="false" />
144-->src/main/AndroidManifest.xml:54:63-87
145        <activity
145-->src/main/AndroidManifest.xml:55:1-89
146            android:name="com.a3711activity.ActivityA79fS2k_43"
146-->src/main/AndroidManifest.xml:55:11-62
147            android:exported="false" />
147-->src/main/AndroidManifest.xml:55:63-87
148        <activity
148-->src/main/AndroidManifest.xml:56:1-89
149            android:name="com.a3711activity.ActivityA79fS2k_44"
149-->src/main/AndroidManifest.xml:56:11-62
150            android:exported="false" />
150-->src/main/AndroidManifest.xml:56:63-87
151        <activity
151-->src/main/AndroidManifest.xml:57:1-89
152            android:name="com.a3711activity.ActivityA79fS2k_45"
152-->src/main/AndroidManifest.xml:57:11-62
153            android:exported="false" />
153-->src/main/AndroidManifest.xml:57:63-87
154        <activity
154-->src/main/AndroidManifest.xml:58:1-89
155            android:name="com.a3711activity.ActivityA79fS2k_46"
155-->src/main/AndroidManifest.xml:58:11-62
156            android:exported="false" />
156-->src/main/AndroidManifest.xml:58:63-87
157        <activity
157-->src/main/AndroidManifest.xml:59:1-89
158            android:name="com.a3711activity.ActivityA79fS2k_47"
158-->src/main/AndroidManifest.xml:59:11-62
159            android:exported="false" />
159-->src/main/AndroidManifest.xml:59:63-87
160        <activity
160-->src/main/AndroidManifest.xml:60:1-89
161            android:name="com.a3711activity.ActivityA79fS2k_48"
161-->src/main/AndroidManifest.xml:60:11-62
162            android:exported="false" />
162-->src/main/AndroidManifest.xml:60:63-87
163        <activity
163-->src/main/AndroidManifest.xml:61:1-89
164            android:name="com.a3711activity.ActivityA79fS2k_49"
164-->src/main/AndroidManifest.xml:61:11-62
165            android:exported="false" />
165-->src/main/AndroidManifest.xml:61:63-87
166        <activity
166-->src/main/AndroidManifest.xml:62:1-89
167            android:name="com.a3711activity.ActivityA79fS2k_50"
167-->src/main/AndroidManifest.xml:62:11-62
168            android:exported="false" />
168-->src/main/AndroidManifest.xml:62:63-87
169        <activity
169-->src/main/AndroidManifest.xml:63:1-89
170            android:name="com.a3711activity.ActivityA79fS2k_51"
170-->src/main/AndroidManifest.xml:63:11-62
171            android:exported="false" />
171-->src/main/AndroidManifest.xml:63:63-87
172        <activity
172-->src/main/AndroidManifest.xml:64:1-89
173            android:name="com.a3711activity.ActivityA79fS2k_52"
173-->src/main/AndroidManifest.xml:64:11-62
174            android:exported="false" />
174-->src/main/AndroidManifest.xml:64:63-87
175        <activity
175-->src/main/AndroidManifest.xml:65:1-89
176            android:name="com.a3711activity.ActivityA79fS2k_53"
176-->src/main/AndroidManifest.xml:65:11-62
177            android:exported="false" />
177-->src/main/AndroidManifest.xml:65:63-87
178        <activity
178-->src/main/AndroidManifest.xml:66:1-89
179            android:name="com.a3711activity.ActivityA79fS2k_54"
179-->src/main/AndroidManifest.xml:66:11-62
180            android:exported="false" />
180-->src/main/AndroidManifest.xml:66:63-87
181        <activity
181-->src/main/AndroidManifest.xml:67:1-89
182            android:name="com.a3711activity.ActivityA79fS2k_55"
182-->src/main/AndroidManifest.xml:67:11-62
183            android:exported="false" />
183-->src/main/AndroidManifest.xml:67:63-87
184        <activity
184-->src/main/AndroidManifest.xml:68:1-89
185            android:name="com.a3711activity.ActivityA79fS2k_56"
185-->src/main/AndroidManifest.xml:68:11-62
186            android:exported="false" />
186-->src/main/AndroidManifest.xml:68:63-87
187        <activity
187-->src/main/AndroidManifest.xml:69:1-89
188            android:name="com.a3711activity.ActivityA79fS2k_57"
188-->src/main/AndroidManifest.xml:69:11-62
189            android:exported="false" />
189-->src/main/AndroidManifest.xml:69:63-87
190        <activity
190-->src/main/AndroidManifest.xml:70:1-89
191            android:name="com.a3711activity.ActivityA79fS2k_58"
191-->src/main/AndroidManifest.xml:70:11-62
192            android:exported="false" />
192-->src/main/AndroidManifest.xml:70:63-87
193        <activity
193-->src/main/AndroidManifest.xml:71:1-89
194            android:name="com.a3711activity.ActivityA79fS2k_59"
194-->src/main/AndroidManifest.xml:71:11-62
195            android:exported="false" />
195-->src/main/AndroidManifest.xml:71:63-87
196        <activity
196-->src/main/AndroidManifest.xml:72:1-89
197            android:name="com.a3711activity.ActivityA79fS2k_60"
197-->src/main/AndroidManifest.xml:72:11-62
198            android:exported="false" />
198-->src/main/AndroidManifest.xml:72:63-87
199        <activity
199-->src/main/AndroidManifest.xml:73:1-89
200            android:name="com.a3711activity.ActivityA79fS2k_61"
200-->src/main/AndroidManifest.xml:73:11-62
201            android:exported="false" />
201-->src/main/AndroidManifest.xml:73:63-87
202        <activity
202-->src/main/AndroidManifest.xml:74:1-89
203            android:name="com.a3711activity.ActivityA79fS2k_62"
203-->src/main/AndroidManifest.xml:74:11-62
204            android:exported="false" />
204-->src/main/AndroidManifest.xml:74:63-87
205        <activity
205-->src/main/AndroidManifest.xml:75:1-89
206            android:name="com.a3711activity.ActivityA79fS2k_63"
206-->src/main/AndroidManifest.xml:75:11-62
207            android:exported="false" />
207-->src/main/AndroidManifest.xml:75:63-87
208        <activity
208-->src/main/AndroidManifest.xml:76:1-89
209            android:name="com.a3711activity.ActivityA79fS2k_64"
209-->src/main/AndroidManifest.xml:76:11-62
210            android:exported="false" />
210-->src/main/AndroidManifest.xml:76:63-87
211        <activity
211-->src/main/AndroidManifest.xml:77:1-89
212            android:name="com.a3711activity.ActivityA79fS2k_65"
212-->src/main/AndroidManifest.xml:77:11-62
213            android:exported="false" />
213-->src/main/AndroidManifest.xml:77:63-87
214        <activity
214-->src/main/AndroidManifest.xml:78:1-89
215            android:name="com.a3711activity.ActivityA79fS2k_66"
215-->src/main/AndroidManifest.xml:78:11-62
216            android:exported="false" />
216-->src/main/AndroidManifest.xml:78:63-87
217        <activity
217-->src/main/AndroidManifest.xml:79:1-89
218            android:name="com.a3711activity.ActivityA79fS2k_67"
218-->src/main/AndroidManifest.xml:79:11-62
219            android:exported="false" />
219-->src/main/AndroidManifest.xml:79:63-87
220        <activity
220-->src/main/AndroidManifest.xml:80:1-89
221            android:name="com.a3711activity.ActivityA79fS2k_68"
221-->src/main/AndroidManifest.xml:80:11-62
222            android:exported="false" />
222-->src/main/AndroidManifest.xml:80:63-87
223        <activity
223-->src/main/AndroidManifest.xml:81:1-89
224            android:name="com.a3711activity.ActivityA79fS2k_69"
224-->src/main/AndroidManifest.xml:81:11-62
225            android:exported="false" />
225-->src/main/AndroidManifest.xml:81:63-87
226        <activity
226-->src/main/AndroidManifest.xml:82:1-89
227            android:name="com.a3711activity.ActivityA79fS2k_70"
227-->src/main/AndroidManifest.xml:82:11-62
228            android:exported="false" />
228-->src/main/AndroidManifest.xml:82:63-87
229        <activity
229-->src/main/AndroidManifest.xml:83:1-89
230            android:name="com.a3711activity.ActivityA79fS2k_71"
230-->src/main/AndroidManifest.xml:83:11-62
231            android:exported="false" />
231-->src/main/AndroidManifest.xml:83:63-87
232        <activity
232-->src/main/AndroidManifest.xml:84:1-89
233            android:name="com.a3711activity.ActivityA79fS2k_72"
233-->src/main/AndroidManifest.xml:84:11-62
234            android:exported="false" />
234-->src/main/AndroidManifest.xml:84:63-87
235        <activity
235-->src/main/AndroidManifest.xml:85:1-89
236            android:name="com.a3711activity.ActivityA79fS2k_73"
236-->src/main/AndroidManifest.xml:85:11-62
237            android:exported="false" />
237-->src/main/AndroidManifest.xml:85:63-87
238        <activity
238-->src/main/AndroidManifest.xml:86:1-89
239            android:name="com.a3711activity.ActivityA79fS2k_74"
239-->src/main/AndroidManifest.xml:86:11-62
240            android:exported="false" />
240-->src/main/AndroidManifest.xml:86:63-87
241        <activity
241-->src/main/AndroidManifest.xml:87:1-89
242            android:name="com.a3711activity.ActivityA79fS2k_75"
242-->src/main/AndroidManifest.xml:87:11-62
243            android:exported="false" />
243-->src/main/AndroidManifest.xml:87:63-87
244        <activity
244-->src/main/AndroidManifest.xml:88:1-89
245            android:name="com.a3711activity.ActivityA79fS2k_76"
245-->src/main/AndroidManifest.xml:88:11-62
246            android:exported="false" />
246-->src/main/AndroidManifest.xml:88:63-87
247        <activity
247-->src/main/AndroidManifest.xml:89:1-89
248            android:name="com.a3711activity.ActivityA79fS2k_77"
248-->src/main/AndroidManifest.xml:89:11-62
249            android:exported="false" />
249-->src/main/AndroidManifest.xml:89:63-87
250        <activity
250-->src/main/AndroidManifest.xml:90:1-89
251            android:name="com.a3711activity.ActivityA79fS2k_78"
251-->src/main/AndroidManifest.xml:90:11-62
252            android:exported="false" />
252-->src/main/AndroidManifest.xml:90:63-87
253        <activity
253-->src/main/AndroidManifest.xml:91:1-89
254            android:name="com.a3711activity.ActivityA79fS2k_79"
254-->src/main/AndroidManifest.xml:91:11-62
255            android:exported="false" />
255-->src/main/AndroidManifest.xml:91:63-87
256        <activity
256-->src/main/AndroidManifest.xml:92:1-89
257            android:name="com.a3711activity.ActivityA79fS2k_80"
257-->src/main/AndroidManifest.xml:92:11-62
258            android:exported="false" />
258-->src/main/AndroidManifest.xml:92:63-87
259        <activity
259-->src/main/AndroidManifest.xml:93:1-89
260            android:name="com.a3711activity.ActivityA79fS2k_81"
260-->src/main/AndroidManifest.xml:93:11-62
261            android:exported="false" />
261-->src/main/AndroidManifest.xml:93:63-87
262        <activity
262-->src/main/AndroidManifest.xml:94:1-89
263            android:name="com.a3711activity.ActivityA79fS2k_82"
263-->src/main/AndroidManifest.xml:94:11-62
264            android:exported="false" />
264-->src/main/AndroidManifest.xml:94:63-87
265        <activity
265-->src/main/AndroidManifest.xml:95:1-89
266            android:name="com.a3711activity.ActivityA79fS2k_83"
266-->src/main/AndroidManifest.xml:95:11-62
267            android:exported="false" />
267-->src/main/AndroidManifest.xml:95:63-87
268        <activity
268-->src/main/AndroidManifest.xml:96:1-89
269            android:name="com.a3711activity.ActivityA79fS2k_84"
269-->src/main/AndroidManifest.xml:96:11-62
270            android:exported="false" />
270-->src/main/AndroidManifest.xml:96:63-87
271        <activity
271-->src/main/AndroidManifest.xml:97:1-89
272            android:name="com.a3711activity.ActivityA79fS2k_85"
272-->src/main/AndroidManifest.xml:97:11-62
273            android:exported="false" />
273-->src/main/AndroidManifest.xml:97:63-87
274        <activity
274-->src/main/AndroidManifest.xml:98:1-89
275            android:name="com.a3711activity.ActivityA79fS2k_86"
275-->src/main/AndroidManifest.xml:98:11-62
276            android:exported="false" />
276-->src/main/AndroidManifest.xml:98:63-87
277        <activity
277-->src/main/AndroidManifest.xml:99:1-89
278            android:name="com.a3711activity.ActivityA79fS2k_87"
278-->src/main/AndroidManifest.xml:99:11-62
279            android:exported="false" />
279-->src/main/AndroidManifest.xml:99:63-87
280        <activity
280-->src/main/AndroidManifest.xml:100:1-89
281            android:name="com.a3711activity.ActivityA79fS2k_88"
281-->src/main/AndroidManifest.xml:100:11-62
282            android:exported="false" />
282-->src/main/AndroidManifest.xml:100:63-87
283        <activity
283-->src/main/AndroidManifest.xml:101:1-89
284            android:name="com.a3711activity.ActivityA79fS2k_89"
284-->src/main/AndroidManifest.xml:101:11-62
285            android:exported="false" />
285-->src/main/AndroidManifest.xml:101:63-87
286        <activity
286-->src/main/AndroidManifest.xml:102:1-89
287            android:name="com.a3711activity.ActivityA79fS2k_90"
287-->src/main/AndroidManifest.xml:102:11-62
288            android:exported="false" />
288-->src/main/AndroidManifest.xml:102:63-87
289        <activity
289-->src/main/AndroidManifest.xml:103:1-89
290            android:name="com.a3711activity.ActivityA79fS2k_91"
290-->src/main/AndroidManifest.xml:103:11-62
291            android:exported="false" />
291-->src/main/AndroidManifest.xml:103:63-87
292        <activity
292-->src/main/AndroidManifest.xml:104:1-89
293            android:name="com.a3711activity.ActivityA79fS2k_92"
293-->src/main/AndroidManifest.xml:104:11-62
294            android:exported="false" />
294-->src/main/AndroidManifest.xml:104:63-87
295        <activity
295-->src/main/AndroidManifest.xml:105:1-89
296            android:name="com.a3711activity.ActivityA79fS2k_93"
296-->src/main/AndroidManifest.xml:105:11-62
297            android:exported="false" />
297-->src/main/AndroidManifest.xml:105:63-87
298        <activity
298-->src/main/AndroidManifest.xml:106:1-89
299            android:name="com.a3711activity.ActivityA79fS2k_94"
299-->src/main/AndroidManifest.xml:106:11-62
300            android:exported="false" />
300-->src/main/AndroidManifest.xml:106:63-87
301        <activity
301-->src/main/AndroidManifest.xml:107:1-89
302            android:name="com.a3711activity.ActivityA79fS2k_95"
302-->src/main/AndroidManifest.xml:107:11-62
303            android:exported="false" />
303-->src/main/AndroidManifest.xml:107:63-87
304        <activity
304-->src/main/AndroidManifest.xml:108:1-89
305            android:name="com.a3711activity.ActivityA79fS2k_96"
305-->src/main/AndroidManifest.xml:108:11-62
306            android:exported="false" />
306-->src/main/AndroidManifest.xml:108:63-87
307        <activity
307-->src/main/AndroidManifest.xml:109:1-89
308            android:name="com.a3711activity.ActivityA79fS2k_97"
308-->src/main/AndroidManifest.xml:109:11-62
309            android:exported="false" />
309-->src/main/AndroidManifest.xml:109:63-87
310        <activity
310-->src/main/AndroidManifest.xml:110:1-89
311            android:name="com.a3711activity.ActivityA79fS2k_98"
311-->src/main/AndroidManifest.xml:110:11-62
312            android:exported="false" />
312-->src/main/AndroidManifest.xml:110:63-87
313        <activity
313-->src/main/AndroidManifest.xml:111:1-89
314            android:name="com.a3711activity.ActivityA79fS2k_99"
314-->src/main/AndroidManifest.xml:111:11-62
315            android:exported="false" />
315-->src/main/AndroidManifest.xml:111:63-87
316        <activity
316-->src/main/AndroidManifest.xml:112:1-90
317            android:name="com.a3711activity.ActivityA79fS2k_100"
317-->src/main/AndroidManifest.xml:112:11-63
318            android:exported="false" />
318-->src/main/AndroidManifest.xml:112:64-88
319        <activity
319-->src/main/AndroidManifest.xml:113:1-90
320            android:name="com.a3711activity.ActivityA79fS2k_101"
320-->src/main/AndroidManifest.xml:113:11-63
321            android:exported="false" />
321-->src/main/AndroidManifest.xml:113:64-88
322        <activity
322-->src/main/AndroidManifest.xml:114:1-90
323            android:name="com.a3711activity.ActivityA79fS2k_102"
323-->src/main/AndroidManifest.xml:114:11-63
324            android:exported="false" />
324-->src/main/AndroidManifest.xml:114:64-88
325        <activity
325-->src/main/AndroidManifest.xml:115:1-90
326            android:name="com.a3711activity.ActivityA79fS2k_103"
326-->src/main/AndroidManifest.xml:115:11-63
327            android:exported="false" />
327-->src/main/AndroidManifest.xml:115:64-88
328        <activity
328-->src/main/AndroidManifest.xml:116:1-90
329            android:name="com.a3711activity.ActivityA79fS2k_104"
329-->src/main/AndroidManifest.xml:116:11-63
330            android:exported="false" />
330-->src/main/AndroidManifest.xml:116:64-88
331        <activity
331-->src/main/AndroidManifest.xml:117:1-90
332            android:name="com.a3711activity.ActivityA79fS2k_105"
332-->src/main/AndroidManifest.xml:117:11-63
333            android:exported="false" />
333-->src/main/AndroidManifest.xml:117:64-88
334        <activity
334-->src/main/AndroidManifest.xml:118:1-90
335            android:name="com.a3711activity.ActivityA79fS2k_106"
335-->src/main/AndroidManifest.xml:118:11-63
336            android:exported="false" />
336-->src/main/AndroidManifest.xml:118:64-88
337        <activity
337-->src/main/AndroidManifest.xml:119:1-90
338            android:name="com.a3711activity.ActivityA79fS2k_107"
338-->src/main/AndroidManifest.xml:119:11-63
339            android:exported="false" />
339-->src/main/AndroidManifest.xml:119:64-88
340        <activity
340-->src/main/AndroidManifest.xml:120:1-90
341            android:name="com.a3711activity.ActivityA79fS2k_108"
341-->src/main/AndroidManifest.xml:120:11-63
342            android:exported="false" />
342-->src/main/AndroidManifest.xml:120:64-88
343        <activity
343-->src/main/AndroidManifest.xml:121:1-90
344            android:name="com.a3711activity.ActivityA79fS2k_109"
344-->src/main/AndroidManifest.xml:121:11-63
345            android:exported="false" />
345-->src/main/AndroidManifest.xml:121:64-88
346        <activity
346-->src/main/AndroidManifest.xml:122:1-90
347            android:name="com.a3711activity.ActivityA79fS2k_110"
347-->src/main/AndroidManifest.xml:122:11-63
348            android:exported="false" />
348-->src/main/AndroidManifest.xml:122:64-88
349        <activity